 [LOGGER] 2025-07-21 12:17:19.579 AM error : controllers/user.controller.js:loginuser - 
Invalid `prisma.user.findUnique()` invocation:


Authentication failed against database server at `localhost`, the provided database credentials for `root` are not valid.

Please make sure to provide valid database credentials for the database server at `localhost`.
 [LOGGER] 2025-07-21 09:16:52.392 PM error : controllers/user.controller.js:loginuser - 
Invalid `prisma.user.findUnique()` invocation:


Can't reach database server at `localhost:3309`

Please make sure your database server is running at `localhost:3309`.
 [LOGGER] 2025-07-21 09:16:52.408 PM error : controllers/user.controller.js:loginuser - 
Invalid `prisma.user.findUnique()` invocation:


Can't reach database server at `localhost:3309`

Please make sure your database server is running at `localhost:3309`.
 [LOGGER] 2025-07-21 09:17:04.195 PM error : controllers/user.controller.js:loginuser - 
Invalid `prisma.user.findUnique()` invocation:


Can't reach database server at `localhost:3309`

Please make sure your database server is running at `localhost:3309`.
 [LOGGER] 2025-07-21 09:17:29.505 PM error : controllers/user.controller.js:loginuser - 
Invalid `prisma.user.findUnique()` invocation:


Can't reach database server at `localhost:3309`

Please make sure your database server is running at `localhost:3309`.
 [LOGGER] 2025-07-21 10:06:26.887 PM error : controllers/user.controller.js:loginuser - 
Invalid `prisma.user.findUnique()` invocation:


The table `user` does not exist in the current database.
 [LOGGER] 2025-07-21 10:11:52.585 PM error : controllers/user.controller.js:loginUser - 
Invalid `prisma.user.findUnique()` invocation:


The table `User` does not exist in the current database.
 [LOGGER] 2025-07-21 10:11:55.128 PM error : controllers/user.controller.js:loginUser - 
Invalid `prisma.user.findUnique()` invocation:


The table `User` does not exist in the current database.
 [LOGGER] 2025-07-21 10:11:59.445 PM error : controllers/user.controller.js:loginUser - 
Invalid `prisma.user.findUnique()` invocation:


The table `User` does not exist in the current database.
 [LOGGER] 2025-07-21 10:26:53.632 PM error : controllers/user.controller.js:loginUser - 
Invalid `prisma.user.findUnique()` invocation:


The table `User` does not exist in the current database.
 [LOGGER] 2025-07-21 10:27:02.887 PM error : controllers/user.controller.js:loginUser - 
Invalid `prisma.user.findUnique()` invocation:


The table `User` does not exist in the current database.
 [LOGGER] 2025-07-21 10:35:48.906 PM error : controllers/user.controller.js:loginUser - 
Invalid `prisma.user.findUnique()` invocation:


The table `User` does not exist in the current database.
 [LOGGER] 2025-07-21 10:40:22.258 PM error : controllers/user.controller.js:loginUser - 
Invalid `prisma.user.findUnique()` invocation:


The table `User` does not exist in the current database.
 [LOGGER] 2025-07-21 10:40:26.069 PM error : controllers/user.controller.js:loginUser - 
Invalid `prisma.user.findUnique()` invocation:


The table `User` does not exist in the current database.
 [LOGGER] 2025-07-21 10:41:37.234 PM error : controllers/user.controller.js:loginUser - 
Invalid `prisma.user.findUnique()` invocation:


The table `User` does not exist in the current database.
 [LOGGER] 2025-07-21 10:43:22.239 PM error : controllers/user.controller.js:loginUser - 
Invalid `prisma.user.findUnique()` invocation:


The table `User` does not exist in the current database.
 [LOGGER] 2025-07-21 10:55:17.777 PM error : controllers/user.controller.js:loginUser - 
Invalid `prisma.user.findUnique()` invocation:


The table `User` does not exist in the current database.
 [LOGGER] 2025-07-21 11:02:41.585 PM error : controllers/order.controller.js:orderYearly - 
Invalid `prisma.$queryRaw()` invocation:


Raw query failed. Code: `1146`. Message: `Table 'u914378771_binalscoffe_db.orders' doesn't exist`
 [LOGGER] 2025-07-21 11:02:41.617 PM error : controllers/purchase.controller.js:purchaseYearly - 
Invalid `prisma.$queryRaw()` invocation:


Raw query failed. Code: `1146`. Message: `Table 'u914378771_binalscoffe_db.purchase' doesn't exist`
 [LOGGER] 2025-07-21 11:02:41.649 PM error : controllers/order.controller.js:orderYearly - 
Invalid `prisma.$queryRaw()` invocation:


Raw query failed. Code: `1146`. Message: `Table 'u914378771_binalscoffe_db.orders' doesn't exist`
 [LOGGER] 2025-07-21 11:02:41.664 PM error : controllers/purchase.controller.js:purchaseYearly - 
Invalid `prisma.$queryRaw()` invocation:


Raw query failed. Code: `1146`. Message: `Table 'u914378771_binalscoffe_db.purchase' doesn't exist`
